  ZbirkaZadataka.cpp
C:\Users\alsko\OneDrive\Desktop\C++\ZbirkaCPP\ZbirkaZadatakaCpp\ZbirkaZadataka.cpp(265,17): warning C4244: 'initializing': conversion from 'int' to 'float', possible loss of data
C:\Users\alsko\OneDrive\Desktop\C++\ZbirkaCPP\ZbirkaZadatakaCpp\ZbirkaZadataka.cpp(278,20): warning C4305: 'initializing': truncation from 'double' to 'float'
C:\Users\alsko\OneDrive\Desktop\C++\ZbirkaCPP\ZbirkaZadatakaCpp\ZbirkaZadataka.cpp(339,10): warning C4244: '=': conversion from 'double' to 'float', possible loss of data
C:\Users\alsko\OneDrive\Desktop\C++\ZbirkaCPP\ZbirkaZadatakaCpp\ZbirkaZadataka.cpp(353,17): warning C4244: 'initializing': conversion from 'double' to 'float', possible loss of data
C:\Users\alsko\OneDrive\Desktop\C++\ZbirkaCPP\ZbirkaZadatakaCpp\ZbirkaZadataka.cpp(451,13): warning C4244: 'initializing': conversion from 'float' to 'int', possible loss of data
C:\Users\alsko\OneDrive\Desktop\C++\ZbirkaCPP\ZbirkaZadatakaCpp\ZbirkaZadataka.cpp(538,23): warning C4244: 'initializing': conversion from 'double' to 'float', possible loss of data
C:\Users\alsko\OneDrive\Desktop\C++\ZbirkaCPP\ZbirkaZadatakaCpp\ZbirkaZadataka.cpp(539,24): warning C4244: 'initializing': conversion from 'double' to 'float', possible loss of data
C:\Users\alsko\OneDrive\Desktop\C++\ZbirkaCPP\ZbirkaZadatakaCpp\ZbirkaZadataka.cpp(620,11): warning C4244: 'initializing': conversion from 'float' to 'int', possible loss of data
C:\Users\alsko\OneDrive\Desktop\C++\ZbirkaCPP\ZbirkaZadatakaCpp\ZbirkaZadataka.cpp(815,17): warning C4305: 'initializing': truncation from 'double' to 'float'
C:\Users\alsko\OneDrive\Desktop\C++\ZbirkaCPP\ZbirkaZadatakaCpp\ZbirkaZadataka.cpp(856,55): warning C4244: '=': conversion from 'double' to 'float', possible loss of data
C:\Users\alsko\OneDrive\Desktop\C++\ZbirkaCPP\ZbirkaZadatakaCpp\ZbirkaZadataka.cpp(931,13): warning C4244: 'initializing': conversion from 'float' to 'int', possible loss of data
C:\Users\alsko\OneDrive\Desktop\C++\ZbirkaCPP\ZbirkaZadatakaCpp\ZbirkaZadataka.cpp(1203,18): warning C4244: '=': conversion from 'double' to 'int', possible loss of data
C:\Users\alsko\OneDrive\Desktop\C++\ZbirkaCPP\ZbirkaZadatakaCpp\ZbirkaZadataka.cpp(1456,29): warning C4244: '=': conversion from 'double' to 'int', possible loss of data
C:\Users\alsko\OneDrive\Desktop\C++\ZbirkaCPP\ZbirkaZadatakaCpp\ZbirkaZadataka.cpp(1460,29): warning C4244: '=': conversion from 'double' to 'int', possible loss of data
C:\Users\alsko\OneDrive\Desktop\C++\ZbirkaCPP\ZbirkaZadatakaCpp\ZbirkaZadataka.cpp(1527,26): warning C4244: '=': conversion from 'double' to 'int', possible loss of data
C:\Users\alsko\OneDrive\Desktop\C++\ZbirkaCPP\ZbirkaZadatakaCpp\ZbirkaZadataka.cpp(1528,27): warning C4244: '=': conversion from 'double' to 'int', possible loss of data
C:\Users\alsko\OneDrive\Desktop\C++\ZbirkaCPP\ZbirkaZadatakaCpp\ZbirkaZadataka.cpp(1619,2): warning C4144: '>=': relational expression as switch expression
C:\Users\alsko\OneDrive\Desktop\C++\ZbirkaCPP\ZbirkaZadatakaCpp\ZbirkaZadataka.cpp(1771,17): warning C4244: '=': conversion from 'float' to 'int', possible loss of data
C:\Users\alsko\OneDrive\Desktop\C++\ZbirkaCPP\ZbirkaZadatakaCpp\ZbirkaZadataka.cpp(1788,23): warning C4244: '=': conversion from 'float' to 'int', possible loss of data
C:\Users\alsko\OneDrive\Desktop\C++\ZbirkaCPP\ZbirkaZadatakaCpp\ZbirkaZadataka.cpp(1806,29): warning C4244: '=': conversion from 'float' to 'int', possible loss of data
C:\Users\alsko\OneDrive\Desktop\C++\ZbirkaCPP\ZbirkaZadatakaCpp\ZbirkaZadataka.cpp(1820,27): warning C4305: 'initializing': truncation from 'double' to 'float'
C:\Users\alsko\OneDrive\Desktop\C++\ZbirkaCPP\ZbirkaZadatakaCpp\ZbirkaZadataka.cpp(1823,21): warning C4244: '=': conversion from 'float' to 'int', possible loss of data
C:\Users\alsko\OneDrive\Desktop\C++\ZbirkaCPP\ZbirkaZadatakaCpp\ZbirkaZadataka.cpp(2021,29): warning C4244: '=': conversion from 'double' to 'float', possible loss of data
C:\Users\alsko\OneDrive\Desktop\C++\ZbirkaCPP\ZbirkaZadatakaCpp\ZbirkaZadataka.cpp(2022,32): warning C4244: '=': conversion from 'double' to 'float', possible loss of data
C:\Users\alsko\OneDrive\Desktop\C++\ZbirkaCPP\ZbirkaZadatakaCpp\ZbirkaZadataka.cpp(2142,16): warning C4244: 'initializing': conversion from 'float' to 'int', possible loss of data
C:\Users\alsko\OneDrive\Desktop\C++\ZbirkaCPP\ZbirkaZadatakaCpp\ZbirkaZadataka.cpp(2292,14): warning C4244: 'initializing': conversion from 'double' to 'int', possible loss of data
C:\Users\alsko\OneDrive\Desktop\C++\ZbirkaCPP\ZbirkaZadatakaCpp\ZbirkaZadataka.cpp(2385,23): warning C4244: '=': conversion from 'double' to 'int', possible loss of data
C:\Users\alsko\OneDrive\Desktop\C++\ZbirkaCPP\ZbirkaZadatakaCpp\ZbirkaZadataka.cpp(2402,20): warning C4244: '+=': conversion from 'double' to 'int', possible loss of data
C:\Users\alsko\OneDrive\Desktop\C++\ZbirkaCPP\ZbirkaZadatakaCpp\ZbirkaZadataka.cpp(2424,20): warning C4244: '+=': conversion from 'double' to 'int', possible loss of data
C:\Users\alsko\OneDrive\Desktop\C++\ZbirkaCPP\ZbirkaZadatakaCpp\ZbirkaZadataka.cpp(2471,24): warning C4244: '+=': conversion from 'double' to 'int', possible loss of data
C:\Users\alsko\OneDrive\Desktop\C++\ZbirkaCPP\ZbirkaZadatakaCpp\ZbirkaZadataka.cpp(2584,25): warning C4244: '+=': conversion from 'double' to 'float', possible loss of data
C:\Users\alsko\OneDrive\Desktop\C++\ZbirkaCPP\ZbirkaZadatakaCpp\ZbirkaZadataka.cpp(2606,25): warning C4244: '+=': conversion from 'double' to 'float', possible loss of data
C:\Users\alsko\OneDrive\Desktop\C++\ZbirkaCPP\ZbirkaZadatakaCpp\ZbirkaZadataka.cpp(2686,14): warning C4244: 'initializing': conversion from 'int' to 'float', possible loss of data
C:\Users\alsko\OneDrive\Desktop\C++\ZbirkaCPP\ZbirkaZadatakaCpp\ZbirkaZadataka.cpp(2690,29): warning C4244: '+=': conversion from 'double' to 'float', possible loss of data
C:\Users\alsko\OneDrive\Desktop\C++\ZbirkaCPP\ZbirkaZadatakaCpp\ZbirkaZadataka.cpp(2906,20): warning C4244: '+=': conversion from 'double' to 'int', possible loss of data
C:\Users\alsko\OneDrive\Desktop\C++\ZbirkaCPP\ZbirkaZadatakaCpp\ZbirkaZadataka.cpp(2995,12): warning C4244: 'initializing': conversion from 'double' to 'int', possible loss of data
C:\Users\alsko\OneDrive\Desktop\C++\ZbirkaCPP\ZbirkaZadatakaCpp\ZbirkaZadataka.cpp(3046,15): warning C4244: '=': conversion from 'double' to 'int', possible loss of data
  ZbirkaZadatakaCpp.vcxproj -> C:\Users\alsko\OneDrive\Desktop\C++\ZbirkaCPP\x64\Debug\ZbirkaZadatakaCpp.exe
